[9224234] Using port 4461
Server waiting for client
Connected player with UUID JavaAI
Assigned index 0 (Red)
Server waiting for client
Connected player with UUID Blue
Assigned index 1 (Blue)
[9236283] Initializing game...
[0] JavaAI (Comm open) - sending GET_READY...
[0] JavaAI (Comm open) - Ready!
[1] Blue (Comm open) - sending GET_READY...
[1] Blue (Comm open) - Ready!
[9237289] Asking 0 for move
[9237289] Asking 1 for move
[9237353] Got 1's move
[9237554] Got 0's move
[9237555] ===== Move Frame 0 =========
[9237555] ==============================
.........X.........
.........X.........
...+.....X.........
..+B+....X.........
...B.....X.........
.........X.........
...................
...................
........X.X........
XXXXXX...X...XXXXXX
........X.X........
...................
...................
.........X.........
.........X.....A...
.........X....-A-..
.........X.....-...
.........X.........
.........X.........
[9238186] Asking 0 for move
[9238186] Asking 1 for move
[9238195] Got 0's move
[9238201] Got 1's move
[9238213] ===== Move Frame 1 =========
[9238213] ==============================
.........X.........
.........X.........
...+.....X.........
..BB+....X.........
...+B....X.........
.........X.........
...................
...................
........X.X........
XXXXXX...X...XXXXXX
........X.X........
...................
...................
.........X.....A...
.........X.....A...
.........X....-A-..
.........X.....-...
.........X.........
.........X.........
[9238825] Asking 0 for move
[9238825] Asking 1 for move
[9238832] Got 1's move
[9238845] Got 0's move
[9238855] ===== Move Frame 2 =========
[9238856] ==============================
.........X.........
.........X.........
..BB.....X.........
..+B+....X.........
...++B...X.........
.........X.........
...................
...................
........X.X........
XXXXXX...X...XXXXXX
........X.X........
...................
...............A...
.........X.....-...
.........X.....AA..
.........X....-A-..
.........X.....-...
.........X.........
.........X.........
[9239464] Asking 0 for move
[9239464] Asking 1 for move
[9239482] Got 0's move
[9239484] Got 1's move
[9239493] ===== Move Frame 3 =========
[9239493] ==============================
.........X.........
..B......X.........
..++B....X.........
..+B+....X.........
...B++...X.........
.....B...X.........
...................
...................
........X.X........
XXXXXX...X...XXXXXX
........X.X........
...............A...
...............-...
.........X.....-A..
.........X....AA-..
.........X....-A-..
.........X.....-...
.........X.........
.........X.........
[9240111] Asking 0 for move
[9240114] Asking 1 for move
[9240133] Got 0's move
[9240134] Got 1's move
[9240146] ===== Move Frame 4 =========
[9240146] ==============================
.........X.........
.B+.B....X.........
..+B+....X.........
..+B+....X.........
..B+++...X.........
....B+...X.........
...................
...................
........X.X........
XXXXXX...X...XXXXXX
........X.X....A...
...............-...
...............-A..
.........X....AA-..
.........X....---..
.........X....-AA..
.........X.....-...
.........X.........
.........X.........
[9240754] Asking 0 for move
[9240754] Asking 1 for move
[9240765] Got 0's move
[9240771] Got 1's move
[9240782] ===== Move Frame 5 =========
[9240783] ==============================
.........X.........
B++B+B...X.........
..+++....X.........
..+B+....X.........
..+B++...X.........
..B.++...X.........
....B..............
...................
........X.X........
XXXXXX...X...XXXXXX
........X.X....-A..
...............-A..
..............AA-..
.........X....---..
.........X....---..
.........X....-AAA.
.........X.....-...
.........X.........
.........X.........
[9241388] Asking 0 for move
[9241388] Asking 1 for move
[9241396] Got 0's move
[9241406] Got 1's move
[9241419] ===== Move Frame 6 =========
[9241419] ==============================
B..B.....X.........
++++++B..X.........
..+++....X.........
..+BB....X.........
..++++...X.........
..+B++...X.........
....+B.............
...................
........X.X........
XXXXXX...X...XXXXXX
........X.X....--A.
..............AA-A.
..............---..
.........X....---..
.........X....---A.
.........X....-AA-.
.........X.....-A..
.........X.........
.........X.........
[9242025] Asking 0 for move
[9242031] Asking 1 for move
[9242046] Got 0's move
[9242053] Got 1's move
[9242063] ===== Move Frame 7 =========
[9242063] ==============================
+..+B....X.........
+++++++..X.........
..+++BB..X.........
..BB+B...X.........
..++++...X.........
..++++...X.........
...B++.............
.....B.............
........X.X........
XXXXXX...X...XXXXXX
........X.X...AA--A
..............----A
..............---..
.........X....---A.
.........X....----.
.........X....-A-A.
.........X.....A-A.
.........X.........
B........X.........
[9242674] Blue BUILT NEST AT (5, 2)
[9242674] Asking 0 for move
[9242674] Asking 1 for move
[9242695] Got 1's move
[9242695] Got 0's move
[9242706] ===== Move Frame 8 =========
[9242706] ==============================
+..++....X.........
+++++B+..X.........
..+++B+B.X.........
.BBB++B..X.........
..++++...X.........
..++++...X.........
..B+++.............
.....+B............
........X.X........
XXXXXX...X...XXXXXX
A.......X.X..AA----
A.............-----
..............---A.
.........X....----.
.........X....----.
.........X....-A--A
.........X.....A--A
B........X.....A...
+...B....X.........
[9243312] Asking 0 for move
[9243312] Asking 1 for move
[9243331] Got 1's move
[9243355] Got 0's move
[9243370] ===== Move Frame 9 =========
[9243371] ==============================
+..++B...X.........
+++++B+..X.........
..+++B++.X.........
.B+B+++B.X.........
.B+B++B..X.........
..++++...X.........
.B++++.............
.....++............
......B.X.X........
XXXXXX...X...XXXXXX
-A......X.X..------
-A...........AA----
..............----A
.........X....----.
.........X....----A
.........X....-A---
.........X....AA---
+........X.....-A..
+..B+....X.........
[9243979] Asking 0 for move
[9243979] Asking 1 for move
[9243991] Got 0's move
[9244004] Got 1's move
[9244022] ===== Move Frame 10 =========
[9244022] ==============================
+..+++...X.........
+++++BB..X.........
.B+++B++.X.........
.++B++++.X.........
.++B+++B.X.........
.B+B++...X.........
.+++++.............
.....++............
.....B+.X.X........
XXXXXX...X...XXXXXX
--A.....X.X..------
--A..........------
A............AA----
.........X....----A
.........X....-----
.........X....AA---
.........X....-----
+..B.....X....AA-A.
+..++B...X.........
[9244629] Asking 0 for move
[9244629] Asking 1 for move
[9244639] Got 0's move
[9244651] Got 1's move
[9244652] ===== Move Frame 11 =========
[9244652] ==============================
+..+++...X.........
+++++B+B.X.........
B++++BB+.X.........
.++BB+++.X.........
.+++B+++.X.........
B+++++.B.X.........
.++B++.............
.....++............
....B++.X.X........
XXXXXX...X...XXXXXX
---A....X.X..------
---A.........------
-A...........------
A........X...AA----
.........X....-----
.........X...AAA---
.........X....-----
+..+BB...X....----A
+..+++...X....AA...
[9245257] Asking 0 for move
[9245257] Asking 1 for move
[9245281] Got 0's move
[9245281] Got 1's move
[9245293] ===== Move Frame 12 =========
[9245293] ==============================
+..+++...X....A....
++++BBB+BX.........
+++++B++.X........B
.+BB+B++.X.........
B+++++++.X.........
++++B+.+BX.........
.+++++.............
...BB++............
...B+++.X.X........
XXXXXX...X...XXXXXX
----A...X.X..------
----A........------
--A..........------
-A.......X...------
.........X...AAA---
.........X...--A---
....B....X....-----
A..+++B..X....-----
+..+++...X....--A..
[9245901] Blue BUILT NEST AT (4, 7)
[9245902] Asking 0 for move
[9245902] Asking 1 for move
[9245912] Got 0's move
[9245925] Got 1's move
[9245937] ===== Move Frame 13 =========
[9245937] ==============================
+..+++B..X....-A...
+++++BB++X.........
+++++B++BX........+
BB+B+BB+.X........B
+++BB+++.X........B
++++++.++X.........
.+++++..B..........
..B+BB+............
..B++++.X.X........
XXXXXX...X...XXXXXX
-----A..X.X..------
-----A.......------
---A.........------
--A......X...------
.........X..AAA----
.........X...--A---
A..B+....X....-A---
-..++++..X....-----
+..+++B..X....---A.
[9246542] Blue BUILT NEST AT (0, 3)
[9246543] Asking 0 for move
[9246543] Asking 1 for move
[9246551] Got 0's move
[9246560] Got 1's move
[9246573] ===== Move Frame 14 =========
[9246573] ==============================
+..++BBB.X....--A..
+++++++++X.........
++++BBB++X........+
BB+BB+++BX.......B+
B++B++++BX.......B+
++++++.++X.........
.++++B..+B.........
.B++B++............
.B++B++.X.X........
XXXXXX...X...XXXXXX
------A.X.X..------
------A......------
----A........------
---A.....X..AAA----
.........X..-------
A........X...--A---
-.B++....X....AA---
-..++++..X....-----
+..++++B.X....----A
[9247178] Blue BUILT NEST AT (8, 4)
[9247178] Asking 0 for move
[9247179] Asking 1 for move
[9247196] Got 0's move
[9247202] Got 1's move
[9247206] ===== Move Frame 15 =========
[9247206] ==============================
+..+BB++BX....---A.
++++BB+++X.........
+B+++B+++X........+
B++BBBB+BX......B+B
+B+B++++BX.......++
++++++B++X.......B.
.+++++B.++B........
B++BB++............
B++++B+.X.X........
XXXXXXA..X...XXXXXX
-------.X.X..------
-------A.....------
-----A......AAA----
----A....X..-------
A........X..-------
-........X...--A---
-B+++....X...AAA---
-..++++..X....-----
A..+++++BX....-----
[9247811] Blue BUILT NEST AT (6, 5)
[9247811] Asking 0 for move
[9247811] Asking 1 for move
[9247827] Got 0's move
[9247842] Got 1's move
[9247854] ===== Move Frame 16 =========
[9247855] ==============================
+..B+BB++X....----A
+B++++++BX.........
B+++BB+++X........+
B++BBB+B+X.....B+B+
++B++++BBX.......++
+B++++B++X.......+.
.+++B+BB+++B.....B.
++B+B++...........B
+++++++.X.X.......B
XXXXXX-..X...XXXXXX
-------AX.X..------
--------....AAA----
------A.....-------
-----A...X..-------
-A.......X..-------
-........X...-AA---
B++++....X...------
-..++++.BX...AAA---
-A.++++++X....-----
[9248463] Asking 0 for move
[9248463] Asking 1 for move
[9248475] Got 0's move
[9248487] Got 1's move
[9248498] ===== Move Frame 17 =========
[9248498] ==============================
ABB++++BBX....-----
+++++B+++X.........
+B+BBB+++X.......B+
BB+BB+++BX....B++++
+++BB++BBX.......++
++B+++BB+X.......+B
BB+B++B+++++B....+B
+B+BB++B.........B+
+++++++.X.X......B+
XXXXXX-AAX...XXXXXX
--------X.X.AAA----
--------....-------
-------A....-------
------A..X..-------
--A......X..-------
-........X...AAA---
+++++...BX...-----B
-A.++++.+X...------
--.++++++X...AAA---
[9249107] Blue BUILT NEST AT (0, 6)
[9249107] JavaAI BUILT NEST AT (8, 9)
[9249108] Blue BUILT NEST AT (18, 5)
[9249108] Asking 0 for move
[9249108] Asking 1 for move
[9249123] Got 0's move
[9249134] Got 1's move
[9249145] ===== Move Frame 18 =========
[9249145] ==============================
B+++++++BX...AAA---
+B+++B++BX.......B.
++B+BB+++X.......++
BB+BBB+B+X...B+++++
++B++++BBX.......++
+++B+BBB+X.......+B
BB++++BB+++++B...+B
B++BB+++B.......B++
+++++++AX.X.....B++
XXXXXX-AAX..AXXXXXX
--------X.X.AA-----
--------....-------
--------A...-------
-------A.X..-------
---A.....X..-------
-........X..AAAA---
+A+++..B+X...----B+
--.++++B+X...------
--B++++++X...------
[9249753] Blue BUILT NEST AT (7, 17)
[9249754] Asking 0 for move
[9249754] Asking 1 for move
[9249764] Got 0's move
[9249782] Got 1's move
[9249793] ===== Move Frame 19 =========
[9249793] ==============================
+++++++BBX...----BB
+++++B+++X...AAA.+B
BB+BBB+B+X.......++
BB+BB+++BX...++++++
++++++B+BX...B...++
++B++BB+BX.......BB
B+BB+BB+++++++..B+B
B+++B++A+B...B..+++
+++BB++AXBX.A..B+++
XXXXXX-AAX..-XXXXXX
--------X.XAA------
--------A...-------
---------...-------
--------AX..-------
----A....X..-------
-A.......X..---AA--
+-+++.BB+X..AAA-B++
--.++++B+X...------
-B+++++++X...------
[9250400] Blue BUILT NEST AT (9, 8)
[9250400] Blue BUILT NEST AT (18, 1)
[9250400] Asking 0 for move
[9250400] Asking 1 for move
[9250414] Got 0's move
[9250430] Got 1's move
[9250430] ===== Move Frame 20 =========
[9250430] ==============================
+++++++++X...----++
+++BB+BB+X...---A+B
B+B++BB++X...AA..+B
BBBBB+++BX...++++++
+++++B++BX...+B..++
BB++B+B+BX......BBB
B++BB+BBB+++++..++B
+B+BB++-+BB.A+B.+++
+++B++AAXBX.-.B++++
XXXXXX-AAXAAAXXXXXX
--------XAX--------
---------A..-------
---------...-------
---------X..-------
-----A..AX..-------
--A....B.X..---AA--
+-+++B+++X..---AA++
--.++++B+X..AA-----
B++++++BBX...----BB
[9251041] JavaAI BUILT NEST AT (9, 10)
[9251041] JavaAI BUILT NEST AT (10, 9)
[9251042] Asking 0 for move
[9251044] Asking 1 for move
[9251077] Got 0's move
[9251093] Got 1's move
[9251096] ===== Move Frame 21 =========
[9251097] ==============================
+++++++B+X...----+a
a++B+++++X...----Aa
BB+B+BB+BX...--A.BB
B+BB+BB++X...A+++++
+B+BB+++BX...++BB++
B++BBBB+BX......+BB
BBB++B+BB+++A+..+B+
++BBB+AB+BBB-++B+++
+++BB+-AXBXAAB+++++
XXXXXX-AAXAA-XXXXXX
--------XAX--------
---------AA.-------
---------...-------
---------X..-------
------A.-X..-------
---A.B.+.X..---AAA-
+-+++++++X..----AA+
B-.+++BB+X..-----BB
+++++++B+X..AA---++
[9251712] JavaAI DESTROYED OPPONENT'S NEST AT (18, 1)
[9251712] Asking 0 for move
[9251712] Asking 1 for move
[9251721] Got 0's move
[9251743] Got 1's move
[9251743] ===== Move Frame 22 =========
[9251743] ==============================
+++++++B+X..AA---+a
a+BB+++++X...----BB
B++B+BBB+X...---A+B
BBBB++B+BX...-A++++
++BB+BB+BX...+++++B
+BB++BB+BX..A..BBBB
B+++B+++BB++-+.B+B+
BBBBB+-++BB+-++++++
+++B++-BXBXA-++++++
XXXXXX-AAXAA-XXXXXX
--------XAX--------
---------A-A-------
---------A..-------
---------X..-------
-----B-A-X..-------
----A+.+.X..---AAAA
+-+++++B+X..-----AA
BBB++B+B+X..----B++
+++++++B+X..-----++
[9252351] Blue BUILT NEST AT (2, 17)
[9252352] Asking 0 for move
[9252354] Asking 1 for move
[9252371] Got 0's move
[9252391] Got 1's move
[9252391] ===== Move Frame 23 =========
[9252391] ==============================
++B+++++BX..-----+a
B++++B+++X..AA---BB
+++BBBB+BX...----Aa
B+BB+B+B+X...--A+++
BBB+B+BBBX..A+++B++
++B+B+BBBX..-.B++BB
B++B++++B+B+-+B+++B
B++BBB-++B++-+++++B
++B+++BAXBXA-++++++
XXXXXX-AAXAA-XXXXXX
--------XAX--------
---------AA--------
----------AA-------
---------X..-------
-----+B--X..-------
A----A.A.X..---AA--
+B++++B++X..----AA-
+BB+B++BBX..---B+A+
+++++++B+X..-----++
[9253000] Asking 0 for move
[9253000] Asking 1 for move
[9253007] Got 0's move
[9253026] Got 1's move
[9253027] ===== Move Frame 24 =========
[9253027] ==============================
+++++++++X..-----+a
B+B+++B+BX..----BaB
+++BBB+B+X..AA----a
B+BBB+B++X..A---AAB
+BBB++B+BX..-++++B+
B++B++B+BXB.-BB+B+B
BB++B++BBB++-+++++B
B++BB+BA+B+A-++++++
+++BB++AXBXA-++++++
XXXXXX-AAXAA-XXXXXX
--------XAX--------
---------AA--------
----------A--------
---------XAA-------
-----A+B-X..-------
-B----B-AX..---A---
AB++B++++X..---AA-A
++B++++BBX..--B+A-A
++B++++BBX..-----++
[9253634] Asking 1 for move
[9253634] Asking 0 for move
[9253666] Got 0's move
[9253669] Got 1's move
[9253670] ===== Move Frame 25 =========
[9253670] ==============================
++B++++++X..----B+a
a+++BB+++X..----+BB
B+BB+BB+BX.A------a
B+BB+BB++X.A-A---B+
++B+B++BBXB.-+B+A++
BBB+++BBBX+.B++B++B
B+B+BBB+++BA-++++B+
+B++B++BBB+A-++++++
+++BB+AAXBXA-++++++
XXXXXX-AAXAA-XXXXXX
--------XAX--------
---------AA--------
----------A--------
---------XA--------
-B----A+BXAA-------
-+--BB+--X..---A---
A+B++++BAX..--BA---
A+B++++BBX..--+AA--
++B++++BBX..-----++
[9254278] Asking 0 for move
[9254278] Asking 1 for move
[9254291] Got 0's move
[9254307] Got 1's move
[9254318] ===== Move Frame 26 =========
[9254318] ==============================
+++++++BBX..---B++B
B+B++BB++X.A----+aa
+BB+BB+++X.------Ba
BB+BBB++BXB---B--++
+++B+BBBBX+A-A+B-A+
B+B++BBB+X+.++++++B
BBBB+BBBB++BB++++++
++++B+A++BAA-++++B+
++B+BB-BXBXA-++++++
XXXXXX-AAXAA-XXXXXX
--------XAX--------
---------A---------
---------AA--------
---------XA--------
B+--BB-A+XA--------
-+B-+++-BXAA---A---
-Aa+++++BX..--+A---
-Aaa+++B+X..--A--A-
+BB++++B+X..-----++
[9254923] JavaAI DESTROYED OPPONENT'S NEST AT (2, 17)
[9254924] Asking 0 for move
[9254924] Asking 1 for move
[9254936] Got 0's move
[9255008] Got 1's move
[9255008] ===== Move Frame 27 =========
[9255008] ==============================
++++++B++X.A---+++a
aB++++BB+X.-----+BB
BBBBBB+++X.---B--+a
B+BBB+BBBX+B--+--A+
B+B+B+BBBX+---A+B-+
++B++BBB+X+A++++++B
BBB++B++++++++++++B
+B++BBB+BBB-B+++B++
+B++B+BAXBXA-++++++
XXXXXX-AAXAA-XXXXXX
--------XAX--------
---------A---------
--------AA---------
----B----XA--------
++--++B-AXA-------B
-A+B+++BBXA----A---
--a++++++XAA--AA---
-BBa+++B+X..-------
++a++++BBX..---B-A+
[9255615] Asking 1 for move
[9255615] Asking 0 for move
[9255631] Got 0's move
[9255648] Got 1's move
[9255649] ===== Move Frame 28 =========
[9255649] ==============================
+++++++BBX.----+++a
B++++++++X.---B-+aB
+BBBBBB++X.---+--AB
BB+BBBB+BX++B-A---+
++B++BBBBX+----++B+
B+BB++BBBX+-A++++BB
BB++++B+B+++++++++B
BB++BBB+BB+B+++B+++
B+++B++BXBXAB++++++
XXXXXX-AAXAA-XXXXXX
--------XAX--------
---------A---------
--------AA---------
----+B--AX--------B
+A-B+++BBXA-------+
--+++++++XA----A---
-Ba++++++XA----A---
-aaa+++BBXAA---A---
++B+++BB+X.A--B+--A
[9256257] Asking 0 for move
[9256257] Asking 1 for move
[9256268] Got 0's move
[9256290] Got 1's move
[9256302] ===== Move Frame 29 =========
[9256302] ==============================
+++++++B+X.---B+++B
a++++++B+X.--B+-+aB
+BBBBBB+BX.-B-A--Ba
B+BB+BBBBX+++----B+
B+BBB+B+BX+----++++
BB+++BBB+X+--A+++BB
B++++++BB+++++++++B
B++BBBB+BB+++++++++
BB+++B++XBXB+++B+++
XXXXXX-BbXAABXXXXXX
--------XAX--------
---------A---------
--------AA--------B
----++BB-X--------+
A-B++++++X--------+
--+++++++XA----A---
-+a+++++BXA----A---
-BBa++BB+XA----A---
A+a++++BBXAA--+A---
[9256911] Blue DESTROYED OPPONENT'S NEST AT (8, 9)
[9256911] Asking 0 for move
[9256911] Asking 1 for move
[9256922] Got 0's move
[9256935] Got 1's move
[9256946] ===== Move Frame 30 =========
[9256946] ==============================
+++++++B+XAA-B+A++a
B+B+++B++X.-B+A-+aB
++B+BB+BBX.B+---B+a
BBBBBBB+BX+++---B++
++B++BB+BX+----++++
B++++BB++X+---A++BB
BB+BBBBBBB+++++++B+
BB++B+++BB+++++++++
B+++++B+XBX+++B++++
XXXXXXBbbXbB+XXXXXX
--------XAX--------
---------A--------B
------B-AA--------+
--B-++++BX--------+
--+++++++X-----A--A
--+++++++X-----A---
-+a++++B+XA--------
BaaB++BBBXA----A---
-Aa++++B+XA---+A---
[9257557] Blue DESTROYED OPPONENT'S NEST AT (10, 9)
[9257557] Asking 0 for move
[9257557] Asking 1 for move
[9257566] Got 0's move
[9257581] Got 1's move
[9257582] ===== Move Frame 31 =========
[9257582] ==============================
+A++++B++XA-B+A-A+a
B++++++B+XAB++--+aB
BBBB+BBB+X.++--B++a
BBBB+B+BBX+++--B+++
+B++BB+BBX+----++++
B++++BB++X+----A+BB
BB++BB+BB+B+++++++B
++B+B+B+BB++++++++B
+++++B++XBX++B++++B
XXXXXX+bbXbb+XXXXXX
------B-XAXB-------
------B--A-------B+
------+--A--------+
-B+-+++++X-----A--A
--+++++++X---------
--+++++++X-----A---
-+a+++BBBX-----A---
+aBa+++B+XA-------B
--a++++B+XA---AA---
[9258190] Asking 0 for move
[9258190] Asking 1 for move
[9258214] Got 0's move
[9258229] Got 1's move
[9258231] ===== Move Frame 32 =========
[9258232] ==============================
+-A++++B+X-A+AA--Aa
B+BB++B++X-A++-B+aB
B+BB+BB+BX.++--+++a
B+BB+BBB+X+++-B++++
+B+B++B+BX+----A+B+
BB++BBB+BX+-----++B
B+B++B++B++B++++++B
+++BBB++BBB+++++++B
B+++++++XBX+++B++++
XXXXXX+bbXbb+XXXXXX
------+BXAX+B------
------+B-AA------++
-B----+-A------A-BA
-++-+++++X---------
--+++++++X---------
--++++BB+X-----AA--
-+a++++B+X------A--
+aaB+++B+X-A-----B+
--a++++B+X-AB---A--
[9258835] Asking 0 for move
[9258835] Asking 1 for move
[9258849] Got 0's move
[9258863] Got 1's move
[9258874] ===== Move Frame 33 =========
[9258875] ==============================
+-B+++++BX--A--A--a
B+B++B++BX--AAB++aB
B++BBB+++X.++-B+++a
B+BB+BB++X+++-+A+++
+++BBB++BX+-----++B
+BBBB+BBBX+B----++B
B++B++BBB+B++++++BB
B++BB+++BB+++++++++
++++BB++XBX++++B++B
XXXXXX+bbXbb+XXXXXX
------++XAX++------
------+BAA-AB----+A
B+----+B--------B+-
-++-++++AX---------
--++++B++X---------
--+++++++X-----AAA-
-+a+++BB+X-------A-
+aBa+++B+X--A---A++
--a+++B++X-B+------
[9259479] Asking 0 for move
[9259479] Asking 1 for move
[9259488] Got 0's move
[9259504] Got 1's move
[9259515] ===== Move Frame 34 =========
[9259515] ==============================
+B+++BB++X--------a
BB+++++BBX---B+A+aB
++BBBBB++X.+AB+A++a
B++B++++BX+++-+-+++
B++BBBB+BX+-----+B+
BBB+BBBBBX++B---++B
BB++B+B+BB++++++B+B
+B+BBBB++BB++++B+++
+++BB+++XBX++++++B+
XXXXXX+bbXbb+XXXXXX
------++XAXA+------
------++-A--+----A-
++----++B---B---++-
B++-++B+-X------B--
--++++++AX-----AA--
--+++++++X-----A---
-+a++++B+X-------A-
+aaB++BB+X-------A+
--a++++++XB+A------
[9260123] Asking 0 for move
[9260123] Asking 1 for move
[9260129] Got 0's move
[9260144] Got 1's move
[9260144] ===== Move Frame 35 =========
[9260145] ==============================
+++++++BBXB-------a
B++++++++X--B++-ABB
+B++BBB++X.+B++-A+a
B++BBB++BX+++-+-+++
B+BBBBB+BX+-B---++B
B+B++BBB+X+++---BBB
B+BB+BB++BB++++++++
B+B+BB++BB++++++++B
+++BB+++XBX++++BB++
XXXXXX+bbXbb+XXXXXX
------++XAX-A------
------++BA--+------
++----+++A--+---+A-
+++-+++B-X--B--AABB
--++++++-X-----A---
--+++++BAX-----A---
-+a+++B++X--------A
+aBa++BB+X--------A
-Ba++BB++X+A-------
[9260749] Asking 0 for move
[9260749] Asking 1 for move
[9260758] Got 0's move
[9260776] Got 1's move
[9260776] ===== Move Frame 36 =========
[9260776] ==============================
++++++B+BX+-B----Ba
aB++++++BXB-+++--AB
+++BBBB++XB++B+--AB
B++BBBBB+X+++-+-++B
BBBB+B+BBX+-+B--+BB
B++++BB++X+++--B++B
BB+BB+BB++B+++++++B
+++BBB++BBB++++++B+
B+BB+B++XBX+++BB+++
XXXXXX+bbXbbAXXXXXX
------++XAX--------
------+++A--+------
++----++A---+--AA-B
+++-++++BX--+B-A-++
--++++++-X-----A---
--++++B+BX-----A---
A+a++++++X---------
Aaaa+BBB+X---------
B+B++++++XA--------
[9261385] Blue BUILT NEST AT (10, 2)
[9261386] Asking 0 for move
[9261386] Asking 1 for move
[9261401] Got 0's move
[9261418] Got 1's move
[9261418] ===== Move Frame 37 =========
[9261418] ==============================
+++++B+++XAB+----Aa
B++++++BBXBB+++--aB
B++BBBBB+XB++++---B
B++B+B+BBX+++B+-+A+
BBBBB+B+BX+-++B-+++
B++B+BBB+X+++-B++BB
B++B+BB+++B+++++++B
BBBBBB+++BB+++++++B
+++BBB++XBX+A+BB+++
XXXXXX+bbXbb-XXXXXX
------++XAX--------
------++AA--+------
++----++----+---A-+
+++-+++++X--++BAA++
--++++++BX-----A---
--+++++B+X-----A---
-Aa++B+++X---------
-aBa++BB+X---------
A+a++++B+X--------B
[9262023] Asking 0 for move
[9262023] Asking 1 for move
[9262034] Got 0's move
[9262055] Got 1's move
[9262055] ===== Move Frame 38 =========
[9262055] ==============================
++++++B+BXB++-----a
a++B+++++XB++++--BB
a++B+BBBBXBB+++---B
aB+BBB++BX++B++-+-A
aB+B+B++BX+-+++B++B
+B+B+BB+BX+++B++B+B
B+BBBBB+++B+++++++B
BBBBBB+++BB+A+BB+B+
++B+BB++XBX+-++++++
XXXXXX+bbXbb-XXXXXX
------++XAX--------
------+AAA--+------
++----++----+----A+
+++-++++BX--+++--A+
--+++++++X-----A---
-A+++++++X-----A---
--a++++B+X---------
-aaB+B+BBX--------B
-Aa+++B+BX-------A+
[9262663] JavaAI DESTROYED OPPONENT'S NEST AT (0, 3)
[9262663] Asking 0 for move
[9262664] Asking 1 for move
[9262671] Got 0's move
[9262691] Got 1's move
[9262691] ===== Move Frame 39 =========
[9262691] ==============================
+A+++++BBX+++-----B
a+B+++++BXB++++--aa
a+B++BBBBXB++++--Ba
Ba+BBBB+BXBB+B+B+-B
BB++B+++BX+-++++B+A
B+B++BBB+X++B++++aa
aaBBBBB++BB+A++++BB
B+++BB+++B++-+BB++B
+++B+B++XBX+-++++++
XXXXXX+bbXbb-XXXXXX
------+AXAX--------
------+--AA-+------
++----++B---+-----A
+++-+++++X--+++A--A
--+++++++X-----A---
--A++++++X-----A---
--a++++B+X--------B
-aBaB++B+X--------+
--a++++BBXB-------A
[9263298] JavaAI DESTROYED OPPONENT'S NEST AT (0, 6)
[9263298] JavaAI DESTROYED OPPONENT'S NEST AT (18, 5)
[9263298] Asking 0 for move
[9263298] Asking 1 for move
[9263306] Got 0's move
[9263330] Got 1's move
[9263330] ===== Move Frame 40 =========
[9263330] ==============================
+-A+++BBBXB++-----a
a+B+++B+BX+++++--BB
a+BB+BBB+XB++B+B-+a
aB+BBB+BBXBB+++++-a
B++BB+BBBX+B+++B++B
a++BB+B++X+++++++Ba
BB+BB++++B++B++B++B
a++BB+B++BB+-++B+++
++++++B+XBX+-++++++
XXXXXX+bbXbb-XXXXXX
------A-XAX--------
------+--A-A+------
A+----+++B--+------
A++-+++++X--++AA---
--A++++++X-----A---
---++++++X-----A---
--B++++B+X-------B+
-aaB++BB+XB-------A
--a++++++X+--------
[9263936] Asking 0 for move
[9263936] Asking 1 for move
[9263950] Got 0's move
[9263962] Got 1's move
[9263975] ===== Move Frame 41 =========
[9263975] ==============================
+-BA+BBB+X+B+----Ba
a++++B+++X+++B+B-Ba
a++B+BBBBXBB++++-+a
Ba+BBBB++XB+B++B+-B
a+BB+BBBBX++B+++++a
a+++B+BB+X+++++++aB
BB+BB+++B+B+++++B+a
a++BBBB++B++B++++++
++++B+++XBX+-++B+++
XXXXXXAbbXbb-XXXXXX
--------XAX--------
------+--A--A------
-A----+++AB-+------
-AA-+++++X--+AAA---
---++++++X---------
---++++++X-----AA--
-Ba+++++BXB------+A
-aBa++BB+X+------B-
--a+++B++X+--------
[9264578] Asking 0 for move
[9264578] Asking 1 for move
[9264584] Got 0's move
[9264601] Got 1's move
[9264611] ===== Move Frame 42 =========
[9264611] ==============================
+-+-++++BX+++B---+a
a++++BBB+X++++++BaB
a+B+BBBB+XBBB+++-+B
aaBB+B+B+X+++++++-a
B++BBB+BBXB++B+B++a
B++BBBB+BX+++++++aa
Ba++B+B++B+++++++BB
a++BBB+++BB++++++++
++++BBA+XBX+B+++B++
XXXXXX-bbXbb-XXXXXX
--------XAX--------
------+--AB--------
--A---+++-A-A------
--AA+++++X--AAA----
---++++++X---------
-B-++++++XB----AAA-
-+a+++B++X+------A-
-aaB++BBBX+------+-
--BA+BB++X+B-----B-
[9265219] Asking 0 for move
[9265219] Asking 1 for move
[9265225] Got 0's move
[9265243] Got 1's move
[9265243] ===== Move Frame 43 =========
[9265243] ==============================
+-+-++BB+X++++--B+a
a+++++BB+XB++++++aB
a++BBB+B+XBB++++-+B
aB+BB+B+BXB++++++-a
B++BB+++BX++++B+++B
a+++BBBB+X+++++B+aB
aB+B++B+B+B+++++++B
a+++B+B++BBB++++B++
+++BB+B+XBX++++++++
XXXXXX-bbXbbBXXXXXX
--------XAX--------
------+--AA-A------
---A--+++-B-AAA----
---AA++++X---------
-B-++++++X---------
-+-+++B++X+B---AAA-
-+a+++++BX+------A-
-aBa++BB+X+------A-
--aBBB+BBX++BB--B+-
[9265847] Asking 0 for move
[9265847] Asking 1 for move
[9265859] Got 0's move
[9265876] Got 1's move
[9265876] ===== Move Frame 44 =========
[9265876] ==============================
+-+B+B+B+X++++-B++a
B++BBBBB+XB++++++aB
a++BBB++BXB+B+++-+a
Ba+BB+++BXB++++++-B
a+++B+B+BX++++++++B
B+++BBB+BX++++B++aB
Ba++BB+B+++B+++B++a
a+++B++B+B+++++++++
++B+B+++XBXB++++B++
XXXXXXBbbXbb+XXXXXX
--------XAX-B------
------+--AA--------
------+++-ABAA-----
-B-A-A+++X---------
-+-A+++++X---------
-+-++B+++X++---AA-A
-+B++++B+X+B----A--
-aaaBB+B+X+-B---BA-
--a+++BB+X++++B-+A-
[9266480] Asking 0 for move
[9266480] Asking 1 for move
[9266492] Got 0's move
[9266504] Got 1's move
[9266504] ===== Move Frame 45 =========
[9266504] ==============================
+-+B++BB+X++++B++Aa
B++B+B++BXB++++++aa
B+++BBB++XB+++++-+a
aaBBB+BB+XB+B++++-B
B+++BB++BXB+++++++B
a+++B+BBBX+++++B+Ba
aa++++BB++++++++B+B
a+B+BB+++BBB+++++++
++++BB++XBX++++++B+
XXXXXX+bbXbb+XXXXXX
------B-XAX-+B-----
------+--A-A-------
-B----+++A-AA------
-+--A-A++X---------
-+--A++++X---------
A+B+B++++X++---AA--
-+a+++BB+X++B---A--
-aaB+++B+X+B+---AB-
--a++B+B+X+++++B+--
[9267110] Asking 0 for move
[9267110] Asking 1 for move
[9267118] Got 0's move
[9267133] Got 1's move
[9267133] ===== Move Frame 46 =========
[9267133] ==============================
+-++++++BXB+++++A-a
B+++BBB++X++++B++aB
a++BBB+B+XBB++++-+a
BB+BBBBB+XBB+++++-B
a+++B+++BX++++++++B
a+++++B+BX++++++BaB
aaB+++BBB+B+++++++a
a+++BBB++BB+B++++B+
+++B+BB+XBX++++++++
XXXXXX+bbXbb+XXXXXX
------+BXAXA++B----
------+--A-AA------
-+B---A+AA---------
-+---A-++X---------
-+B-B++++X---------
-A+++++++X++B--A-A-
-+a++++BBX+++--A-A-
-aBa+++B+X++B--B-A-
--aBB++B+X+++++++B-
[9267736] Asking 0 for move
[9267737] Asking 1 for move
[9267749] Got 0's move
[9267766] Got 1's move
[9267766] ===== Move Frame 47 =========
[9267766] ==============================
+-++B++++X+B++++--a
B++BB+++BX+++B+++aa
B++BBBB++XBBB+++-+a
Ba+BBBBB+X++B++++Ba
B++B++++BXB+++++++a
B+++++B+BXB++++++Ba
aB+++BB+B+++++++++a
a++BBBB+BB+++B++B++
++++B+B+XBX++++++++
XXXXXXBbbXbb+XXXXXX
------++XAXAA++B---
--B---AB-A---------
-++----+AA---------
-+-----+AX---------
-A+B+A+++X--B------
--++++++BX+++--A---
-+a+++B++X+++--A-A-
-BaB+++BBX+++BBA-B-
--a+++++BX++++++A+-
[9268373] Asking 0 for move
[9268373] Asking 1 for move
[9268380] Got 0's move
[9268395] Got 1's move
[9268395] ===== Move Frame 48 =========
[9268396] ==============================
+-+++++++X++B+++--a
B+BB+++B+X++B+B++aa
B+B+BB+B+XB+++++-+a
aa+B+BB+BXBB++++++B
B++BB+B+BX+BB+++++B
a+++++B++X+B+++++aB
Ba++BBBBB++++B++++a
a+++B+BB+B+++++B+++
+++B+++BXBX++++++++
XXXXXX+bbXbAAXXXXXX
--B---B+XAX--+++B--
--+---B+AA---------
-++----AA----------
-A-B---+-X--B------
--+++-A+AX--+------
--++++B++X+++--A---
-+a+++++BX+++BBA---
BaBa+++BBX+++++ABA-
--a+B++BBX+++++A-A-
[9269001] Asking 0 for move
[9269001] Asking 1 for move
[9269010] Got 0's move
[9269033] Got 1's move
[9269034] ===== Move Frame 49 =========
[9269034] ==============================
+-B++++++X++B++A--a
B+B+B+++BX+++B+++aB
a++BBB++BXBB++++-+B
aa+B+BBBBX++++++++B
a+++BBB+BXB+++++++B
a+++++BB+X+BB++++aa
aB+++B+++++B++BB++a
a++BBB++BB+++++++++
++++B+B+XBXAA++++++
XXXXXX+bbXbb-XXXXXX
-B+--B++XAX--++++--
--+--B+AAA------B--
-A+B---------------
---+---+-X-B+------
--+++-B+-X--+------
--++++++AX+++B-A---
-+a+++++BX+++++A---
+Baa+++BBX+++++-AB-
--a++BBB+X++B++----
[9269639] Asking 0 for move
[9269639] Asking 1 for move
[9269670] Got 0's move
[9269681] Got 1's move
[9269681] ===== Move Frame 50 =========
[9269681] ==============================
+B+++++B+X+++++---a
aB++B++BBX++B++A+Ba
B+++BBB+BXB+B+++-+B
aaBB+++B+XB+++++++a
a++++BBBBX++++++++a
a+++B+BBBX+B+++++aB
Ba+++++B+++BBB++B+a
a+B+BBB++B+AA++++++
+++++B+BXBX--++++++
XXXXXX+bbXbb-XXXXXX
B++-B++AXAX--++++--
--+BB++AAA------+B-
--A+-------B-------
---+---+-X-++------
--+++B++-X--+--b---
--++++++-X++++Bbb--
-+a++++++X++++AA---
+aaa+++BBX++B++--AB
-Ba++BB++X++B++----
[9270285] Blue DESTROYED OPPONENT'S NEST AT (15, 15)
[9270286] Asking 0 for move
[9270286] Asking 1 for move
[9270291] Got 0's move
[9270308] Got 1's move
[9270320] ===== Move Frame 51 =========
[9270320] ==============================
++++BB++BX+++++---a
B+++BBB++X+++++-AaB
B++++B+B+XB+B+++-+a
aB+BB+BBBXB+B+++++a
a+++++BBBX++++++++a
B++B+BBB+X++++++Baa
aaB++++B+++B++++++a
B++BBB+B+BBBBB+++++
++++B+B+XBX--++++++
XXXXXX+bbXbb-XXXXXX
+++B++A-XAX--++++B-
B-A+++AA-AAB----++-
---+B------+-------
---+-B-+-X-++------
--++++++-X--+-Bb---
--++++++-X++++bbb--
-+a+++++BX++B+-b---
+aaa++BB+X++B+AA--A
BBa++++B+X+++++---B
[9270927] Asking 0 for move
[9270927] Asking 1 for move
[9270932] Got 0's move
[9270949] Got 1's move
[9270960] ===== Move Frame 52 =========
[9270961] ==============================
B+++BB+B+X+++++---a
a+++BB+++X+++++--Ba
B++BBBB+BXBB++++-+a
Ba+BB++B+XB+BB++++a
a++B+BBBBX++++++++a
a++++BB++X+++++++BB
BB++++BBB+B+++++++a
a++BBBB++B+BB++++++
+++++B++XBXBB++++++
XXXXXXAbbXbb-XXXXXX
++B+++--XAX--+++++B
+--++A---AB+----++B
---++B-A---+-------
---+B+-+-X-++-B----
--++++++-X--+-+b---
--++++++BX++++bbb--
-+a++++++X++BB-b---
ABaa+++BBX++++-----
++a+++B++X++++AA-B+
[9271568] Asking 0 for move
[9271568] Asking 1 for move
[9271584] Got 0's move
[9271598] Got 1's move
[9271598] ===== Move Frame 53 =========
[9271598] ==============================
++++BB+++X++++A---B
a+++B++BBXB++++--aB
B+BB+B+++XBB++++-+a
Ba+BBBBB+XBBB+++++a
a+++B++BBX++++++++a
B+++BBBBBXB++++++aB
Ba+++++B+++B++++++B
a+++BB+B+BB++B+++++
+++BBBA+XBX+B++++++
XXXXXX-bbXbbBXXXXXX
++++++--XAX--++++B+
+-B++B---AA+----+++
---+++----B+--B---B
---+++-A-X-++-+----
--++B+++BX--+-+b---
--+++++++X++++bbb--
-+a++++++X+++BBb---
Baaa++BB+X++++---B-
++a++B++BX++++--A++
[9272203] Asking 0 for move
[9272204] Asking 1 for move
[9272211] Got 0's move
[9272227] Got 1's move
[9272227] ===== Move Frame 54 =========
[9272227] ==============================
+++++BB+BXB+++---BB
a+++B+B++X++++A--aa
B+B+BBB++XBB++++-+B
aaBBBB++BX+BB+++++a
a+++B+B+BXB+++++++a
a++BB+B+BX+B+++++BB
BB++++B+B+B++B++++a
a++BB+B+BB+++++++++
++++BBB+XBX++++++++
XXXXXX-bbXbbBXXXXXX
++++++--XAX-B+++B++
+-++++B--A-+--B-+++
--B+++----++--+--B+
---+++--BX-++-+----
--+B+++A+X--+-+b---
--+++++++X++++bbb--
B+a+++B++X++B++b---
+aaa+++B+X++++B--+B
++a++++B+X++++---A+
[9272831] Asking 0 for move
[9272831] Asking 1 for move
[9272836] Got 0's move
[9272862] Got 1's move
[9272862] ===== Move Frame 55 =========
[9272862] ==============================
++++B++++X+B++---+a
a+++B++B+XB+++---aB
aB++BBB+BXBB++A+-+a
BB+B++B++X+B++++++a
a++B+BB+BX++++++++B
B+++B+BBBXB++++++aB
Ba++B++BBB+B++++++a
a++BBB+++BB++B+++++
+++++B++XBX++++++++
XXXXXXBbbXbB+XXXXXX
++++++B-XAX-+++++++
+-+++++--AA+BB+-B++
--++++--B-++--+-B++
--B+++--+X-++-+----
--+++++-AX--+-+b---
B-+B++B++X++++bbb--
++a++++++X+B+++b--B
+aaa+++BBX+++++B-++
++a++BB+BX++++---B+
[9273469] Asking 0 for move
[9273469] Asking 1 for move
[9273474] Got 0's move
[9273493] Got 1's move
[9273493] ===== Move Frame 56 =========
[9273493] ==============================
+++++++++X++B+---+a
a++B++B++X+B++---aa
B++B+BBB+XBB++-A-+B
BB+B+B+++X++B+++++a
B+B++B+BBXB+++++++B
a++++BBB+X+++++++aa
Ba++BB+BBB++B+++++B
a+B+B++++B+BB++++++
++++B+B+XBX++++++++
XXXXXX+bbXbb+XXXXXX
+++++++BXAXB+++++++
+-+++++-BAAA+++B+++
--++++--+-++BB+-+++
-B++++--AX-++-+-B--
--+++++--X--+-+b---
+-++BB+++X++++bbb-B
++a++++++XB++++b-B+
+aaa+++BBX++++++B++
++a+BBBBBX++++--B++
[9274098] Asking 0 for move
[9274099] Asking 1 for move
[9274107] Got 0's move
[9274124] Got 1's move
[9274124] ===== Move Frame 57 =========
[9274124] ==============================
+++B++B+BX+B++--B+a
B+++++B++X++B+---aa
B++BBBB+BXBB++---+a
BaBB++++BXB++B+A++B
a++++B++BX++++++++B
B++++BBBBXB++++++aB
BaBBBBB++++++B++++a
a++BB++++BB+B++++++
+++B+B++XBX+B++++++
XXXXXX+bbXbb+XXXXXX
++++++++XAX++++++++
+-+++++BAA--+++++++
--++++--A-AB+++B+++
-+++++---X-++B+-+B-
-B++BB+--X--+-+b--B
+-+++++++XB+++bbb-+
++a++++B+X+++++bB++
+aaa+++B+X+++++++++
++aBB++BBX++++--+++
[9274730] Asking 0 for move
[9274730] Asking 1 for move
[9274736] Got 0's move
[9274754] Got 1's move
[9274755] ===== Move Frame 58 =========
[9274755] ==============================
++++B++BBX++B+--++a
a++B+BB+BXB+++--Baa
B++B+BBB+XBBB+---+B
aB+BB+++BX++B++-A+a
B++++BB+BXB+++++++a
a+++++BB+X+++++++aB
aB+BB+B+B+++++B+++B
B++BB+B++BBB+++++++
++B+B+++XBX++++++++
XXXXXX+bbXbbBXXXXXX
++++++++XAX++++++++
+-++++++BA--+++++++
--++++----B++++++++
-+++B+---X-++++B++B
-+++B++--XB-+B+b-B+
+B+++++++X++++bbb-+
++a+++BB+X+++++b+B+
+aaB+++B+X+++++++++
++a++++++X++++--+++
[9275362] Asking 0 for move
[9275362] Asking 1 for move
[9275371] Got 0's move
[9275388] Got 1's move
[9275388] ===== Move Frame 59 =========
[9275388] ==============================
+++++++BBXB+++--++a
a+++BB+B+X++++-B+aB
a+++BBBBBXBB++---+a
BaBBBB+B+X+B+++--Aa
a++++B++BX++++++++B
B+++++BBBXB++++++aa
Ba++B++B+B+B+++B++a
a+B+BB++BB+B+++++++
+++BB+++XBX++++++++
XXXXXX+bbXbB+XXXXXX
++++++++XAX++++++++
+-++++++AA--+++++++
--++B+--B-+++++++++
B+++++---XB+++B++++
-++B+++--X+BB++bB++
+++++++++X++++bbbB+
+Ba+++BB+X+++++b+++
+aBa++BB+X+++++++++
++a++++++X++B+--+++
[9275994] Asking 0 for move
[9275994] Asking 1 for move
[9275999] Got 0's move
[9276015] Got 1's move
[9276015] ===== Move Frame 60 =========
[9276016] ==============================
+++++B+BBX++B+--++B
a++B+++++XB+++-++aa
a++B+BBB+XB+B+-B-Aa
aB+BBBB++X++B++---B
a++++++BBX++++++++a
B+++++BBBX+++++B+aB
aa+B++++B+B+B+++++a
aB++BB+BBB++B++++++
++BBB+++XBXB+++++++
XXXXXX+bbXbb+XXXXXX
++++++++XAX++++++++
+-++++++-AA-+++++++
B-+B++-BA-++++B++++
++++++---X+++++++++
-+++B++--XBBB++B+B+
++++++B++X++++bbb++
++B+++++BX+++++b+++
+aaa++BB+X+++++++++
++B++++++X++++--+++
[9276619] Asking 0 for move
[9276619] Asking 1 for move
[9276625] Got 0's move
[9276643] Got 1's move
[9276653] ===== Move Frame 61 =========
[9276653] ==============================
+++++++B+X++++--++a
a+++B++B+XBBB+-++AB
a+++BBBB+XB+++-+B-B
Ba+B+B+B+X+++++---a
a++BB++BBX++B+++++a
a++++BBBBX++++B++BB
aB++B++B+++B++++++a
a+B+BB++BB+++B+++++
++BB++++XBX++++++++
XXXXXX+bbXbB+XXXXXX
++++++++XAX++++++++
+-+B++++-AA-+++++++
+B++++BA--A++++B+++
++++++---XBB+++++++
-++++BB--X+B+++bB++
+++++++++X++++bBb++
++a++++B+X+++++b+++
+aBa+++BBX+++++++++
++a++BB++X++B+--+++
[9277259] Asking 0 for move
[9277259] Asking 1 for move
[9277268] Got 0's move
[9277289] Got 1's move
[9277290] ===== Move Frame 62 =========
[9277290] ==============================
+++++++++XB+++--+Aa
a++BB++++X++B+-++aa
B+++BBBB+XB+B+-++BB
aa+BBBB++XB++++---a
a+B++B++BX+B++++++B
a+++B+BBBX+++++++aB
BaBBB++B++++B+B+++a
a++BB+BB+BB+++B++++
+++B++++XBX++++++++
XXXXXX+bbXBb+XXXXXX
++++++++XAX++++++++
+BB+++++AA-A+++B+++
+++++++B--BB+++++++
++++++---X+++++++++
-+++++BB-XB++++B+++
+++++++++X++++Bbb++
++a+++BB+X+++++b+++
+Baa++BBBX++B++++++
++a+++BB+X++++--+++
[9277893] Asking 0 for move
[9277897] Asking 1 for move
[9277904] Got 0's move
[9277927] Got 1's move
[9277927] ===== Move Frame 63 =========
[9277927] ==============================
+++BB++++X++++--+-a
a++++++++XB++B-++aa
a++BBBB++XBB++-+++B
Ba+B++B++XBB+++---B
BB++BBBBBX++++++++a
a++B++B++X+B++B++aa
aB+++BBBBB++++B+++B
a++BB++BBB+BB++++++
++B+++++XBX++++++++
XXXXXX+bbXbB+XXXXXX
+B++++++XAX++++B+++
+++++++A-A-B+++++++
++B+++++B-+++++++++
++++++BB-X+++++++++
-+++++++-X+B++Bb+++
+++++++++X+++Bbbb++
++a++++BBX++B++b+++
+aBa++BB+X+++++++++
++a+++BBBX++++--+A+
[9278535] Asking 0 for move
[9278535] Asking 1 for move
[9278539] Got 0's move
[9278557] Got 1's move
[9278570] ===== Move Frame 64 =========
[9278570] ==============================
++++B+B++X++++--+-a
a++++B+++XB+++B++aa
B++BBB+++XBB++-+++a
Ba+BB+B+BXBB+++---a
B++B++BBBX++++B+++B
a+++BBBBBX+++++++aa
Ba+++BB++++B+++B++a
a+BBB++++B+B+++++++
+++++++BXBXB+++++++
XXXXXX+bbXBb+XXXXXX
++B++++AXAX+++++B++
+++++++--AB++++++++
+++B++B++-+++++++++
++++++++BX+B+++++++
-+++++++-X+++++b+++
+++++++++X++++Bbb++
++a+++B++X+B+++b+++
+aaa++BBBX+++++++A+
++B+B++B+X++++--+-+
[9279173] Asking 0 for move
[9279174] Asking 1 for move
[9279180] Got 0's move
[9279195] Got 1's move
[9279196] ===== Move Frame 65 =========
[9279196] ==============================
[9279198] ********* Game over! *********
[9279205] Score breakdown: 

=== Team JavaAI ===
Missed turns: 0

Non-permanent tiles: 17
Permanent tiles: 23 * 2
---------------------------------
Total Score: 63

=== Team Blue ===
Missed turns: 0

Non-permanent tiles: 281
Permanent tiles: 11 * 2
---------------------------------
Total Score: 303


Winner: Blue
+++++B+++X++++--+-a
a+++++B++X+B+++++aa
B++BBB+++XB+++B+++B
Ba+BBB+B+XBB++B---B
a++++B+BBXBB++++++a
B++BBBB++X+++++++aa
aa++B+++B+B+++++B+a
aB+BBBBB+BB++++++++
++++++++XBX++++++++
XXXXXX+bbXbB+XXXXXX
++++++A-XbX++++++++
++B+++B--B++++++B++
++B++++++-+B+++++++
+++++++++X+++++++++
-+++++++BX+++++b+++
++++++B++X+++Bbbb++
++a++++++X++B++b+A+
+aBa++BBBX+++++++-+
++aB++B+BX++++--+-+
[9283188] Blue DESTROYED OPPONENT'S NEST AT (9, 10)
[9283188] Blue ELIMINATED OPPONENT NESTS .
Exited game loop
[9304078] Recording complete.
